<?xml version="1.0" encoding="UTF-8" ?>
<testsuite 
errors="0" failures="0" hostname="Andrews-MacBook-Pro.local" name="com.datamountaineer.json.kcql.JsonKcqTest" tests="18" time="0.092" timestamp="2018-01-10T16:20:20">
  <properties>
    <property name="java.runtime.name" value="Java(TM) SE Runtime Environment">
    </property>
    <property 
    name="sun.boot.library.path" value="/Library/Java/JavaVirtualMachines/jdk1.8.0_144.jdk/Contents/Home/jre/lib">
</property>
    <property name="java.vm.version" value="25.144-b01"> </property>
    <property name="gopherProxySet" value="false"> </property>
    <property 
    name="keystore" value="/Users/andrew/workspace/projects/landoop/json-kcql/src/test/resources/stc_keystore.jks">
</property>
    <property name="java.vm.vendor" value="Oracle Corporation"> </property>
    <property name="java.vendor.url" value="http://java.oracle.com/">
    </property>
    <property name="path.separator" value=":"> </property>
    <property name="java.vm.name" value="Java HotSpot(TM) 64-Bit Server VM">
    </property>
    <property name="file.encoding.pkg" value="sun.io"> </property>
    <property name="user.country" value="GB"> </property>
    <property name="sun.java.launcher" value="SUN_STANDARD"> </property>
    <property name="sun.os.patch.level" value="unknown"> </property>
    <property 
    name="java.vm.specification.name" value="Java Virtual Machine Specification">
</property>
    <property 
    name="user.dir" value="/Users/andrew/workspace/projects/landoop/json-kcql">
</property>
    <property name="java.runtime.version" value="1.8.0_144-b01"> </property>
    <property name="java.awt.graphicsenv" value="sun.awt.CGraphicsEnvironment">
    </property>
    <property 
    name="java.endorsed.dirs" value="/Library/Java/JavaVirtualMachines/jdk1.8.0_144.jdk/Contents/Home/jre/lib/endorsed">
</property>
    <property name="os.arch" value="x86_64"> </property>
    <property 
    name="java.io.tmpdir" value="/var/folders/dv/63z3fn953_5dwjtcwv8ygrl40000gn/T/">
</property>
    <property name="line.separator" value=" "> </property>
    <property name="java.vm.specification.vendor" value="Oracle Corporation">
    </property>
    <property name="user.variant" value=""> </property>
    <property name="os.name" value="Mac OS X"> </property>
    <property name="sun.jnu.encoding" value="UTF-8"> </property>
    <property 
    name="java.library.path" value="/Users/andrew/Library/Java/Extensions:/Library/Java/Extensions:/Network/Library/Java/Extensions:/System/Library/Java/Extensions:/usr/lib/java:.">
</property>
    <property 
    name="java.specification.name" value="Java Platform API Specification">
</property>
    <property name="java.class.version" value="52.0"> </property>
    <property 
    name="sun.management.compiler" value="HotSpot 64-Bit Tiered Compilers">
</property>
    <property name="os.version" value="10.13.2"> </property>
    <property 
    name="http.nonProxyHosts" value="local|*.local|169.254/16|*.169.254/16">
</property>
    <property name="user.home" value="/Users/andrew"> </property>
    <property name="user.timezone" value=""> </property>
    <property name="java.awt.printerjob" value="sun.lwawt.macosx.CPrinterJob">
    </property>
    <property name="java.specification.version" value="1.8"> </property>
    <property name="file.encoding" value="UTF-8"> </property>
    <property name="user.name" value="andrew"> </property>
    <property 
    name="java.class.path" value="/Users/andrew/workspace/projects/landoop/json-kcql/build/classes/java/test:/Users/andrew/workspace/projects/landoop/json-kcql/build/classes/scala/test:/Users/andrew/workspace/projects/landoop/json-kcql/build/resources/test:/Users/andrew/workspace/projects/landoop/json-kcql/build/classes/java/main:/Users/andrew/workspace/projects/landoop/json-kcql/build/classes/scala/main:/Users/andrew/workspace/projects/landoop/json-kcql/build/resources/main:/Users/andrew/.gradle/caches/modules-2/files-2.1/com.typesafe.scala-logging/scala-logging_2.12/3.7.1/1f6c618587337eebd5a21c5e61e2214adeffe39b/scala-logging_2.12-3.7.1.jar:/Users/andrew/.gradle/caches/modules-2/files-2.1/com.fasterxml.jackson.module/jackson-module-scala_2.12/2.8.4/4210e6762b8adc2334a3b1407a27a438f2664140/jackson-module-scala_2.12-2.8.4.jar:/Users/andrew/.gradle/caches/modules-2/files-2.1/org.json4s/json4s-jackson_2.12/3.5.0/961a7b9007705e659b204d689338182d11d7b293/json4s-jackson_2.12-3.5.0.jar:/Users/andrew/.gradle/caches/modules-2/files-2.1/org.scalacheck/scalacheck_2.12/1.13.5/fff972ccaa0d83ca53bfdbbd0763c1059281fb76/scalacheck_2.12-1.13.5.jar:/Users/andrew/.gradle/caches/modules-2/files-2.1/org.scalatest/scalatest_2.12/3.0.4/87d68f3d06dbf698fd0084c0a8b8996864d15465/scalatest_2.12-3.0.4.jar:/Users/andrew/.gradle/caches/modules-2/files-2.1/org.json4s/json4s-core_2.12/3.5.0/b6f38a8dafcfe23c22d83c6dd3001b3ca97f0a1f/json4s-core_2.12-3.5.0.jar:/Users/andrew/.gradle/caches/modules-2/files-2.1/org.scalactic/scalactic_2.12/3.0.4/e75f0f9c77aa391e01797cfc42fb82fd7c7d59a5/scalactic_2.12-3.0.4.jar:/Users/andrew/.gradle/caches/modules-2/files-2.1/org.scala-lang.modules/scala-parser-combinators_2.12/1.0.4/7c5f25a2d40ea7651452f0f0d1d4c12dabffcb8b/scala-parser-combinators_2.12-1.0.4.jar:/Users/andrew/.gradle/caches/modules-2/files-2.1/org.json4s/json4s-ast_2.12/3.5.0/979c95efd0eab59be7b526995ed41acdcfe18e5a/json4s-ast_2.12-3.5.0.jar:/Users/andrew/.gradle/caches/modules-2/files-2.1/org.json4s/json4s-scalap_2.12/3.5.0/24ea78aff4dc666814ef37126c6d7006ca90f1ee/json4s-scalap_2.12-3.5.0.jar:/Users/andrew/.gradle/caches/modules-2/files-2.1/org.scala-lang/scala-reflect/2.12.3/a017f8f606e5f433df4f8d5efc20ce39c2fe8330/scala-reflect-2.12.3.jar:/Users/andrew/.gradle/caches/modules-2/files-2.1/org.scala-lang.modules/scala-xml_2.12/1.0.6/e22de3366a698a9f744106fb6dda4335838cf6a7/scala-xml_2.12-1.0.6.jar:/Users/andrew/.gradle/caches/modules-2/files-2.1/org.scala-lang/scala-library/2.12.3/f2e496f21af2d80b48e0a61773f84c3a76a0d06f/scala-library-2.12.3.jar:/Users/andrew/.gradle/caches/modules-2/files-2.1/com.fasterxml.jackson.module/jackson-module-paranamer/2.8.4/1a73c33b0099d67ac52bb5db1a7398f42abe188a/jackson-module-paranamer-2.8.4.jar:/Users/andrew/.gradle/caches/modules-2/files-2.1/com.fasterxml.jackson.core/jackson-databind/2.8.4/1c36c81e79cacdf48116afba8495e3393d267ba1/jackson-databind-2.8.4.jar:/Users/andrew/.gradle/caches/modules-2/files-2.1/com.datamountaineer/kcql/2.4.0/3c4717d3afca7e6d63a88e236324c7017828ba03/kcql-2.4.0.jar:/Users/andrew/.gradle/caches/modules-2/files-2.1/org.mockito/mockito-core/2.7.13/6e11386379661c405cfd5b9c0d33b9dbcdfb4ec3/mockito-core-2.7.13.jar:/Users/andrew/.gradle/caches/modules-2/files-2.1/org.powermock/powermock-module-junit4/1.6.5/e6ad8d4fddb3cc1e11ebf343ecc82ea10b12d5a4/powermock-module-junit4-1.6.5.jar:/Users/andrew/.gradle/caches/modules-2/files-2.1/org.powermock/powermock-module-junit4-common/1.6.5/ef0b8507142b3c176d1b8a1937a8490eaf8babe9/powermock-module-junit4-common-1.6.5.jar:/Users/andrew/.m2/repository/junit/junit/4.12/junit-4.12.jar:/Users/andrew/.gradle/caches/modules-2/files-2.1/org.apache.curator/curator-test/3.1.0/25e1c47e33305f9fe58ffb486931cfedacab449a/curator-test-3.1.0.jar:/Users/andrew/.gradle/caches/modules-2/files-2.1/org.pegdown/pegdown/1.1.0/bcc0c5b025b09ab85bb80a8311ce5c015d005b/pegdown-1.1.0.jar:/Users/andrew/.gradle/caches/modules-2/files-2.1/org.apache.zookeeper/zookeeper/3.5.1-alpha/1b4d9ccd567eb0a5ddf11f209688e0b78ee7e1e2/zookeeper-3.5.1-alpha.jar:/Users/andrew/.gradle/caches/modules-2/files-2.1/org.slf4j/slf4j-api/1.7.25/da76ca59f6a57ee3102f8f9bd9cee742973efa8a/slf4j-api-1.7.25.jar:/Users/andrew/.gradle/caches/modules-2/files-2.1/com.fasterxml.jackson.core/jackson-annotations/2.8.4/de3570327cf8d1d4f37920535c51a1f74225a6de/jackson-annotations-2.8.4.jar:/Users/andrew/.gradle/caches/modules-2/files-2.1/com.fasterxml.jackson.core/jackson-core/2.8.4/ca365c0817cc345ea831cae7c4e9b42a72b32281/jackson-core-2.8.4.jar:/Users/andrew/.gradle/caches/modules-2/files-2.1/org.antlr/antlr4-runtime/4.7/30b13b7efc55b7feea667691509cf59902375001/antlr4-runtime-4.7.jar:/Users/andrew/.gradle/caches/modules-2/files-2.1/net.bytebuddy/byte-buddy/1.6.9/9ed2f6a4110da87c224c3f40b5c1dd24ce267641/byte-buddy-1.6.9.jar:/Users/andrew/.gradle/caches/modules-2/files-2.1/net.bytebuddy/byte-buddy-agent/1.6.9/b2ef745bc9ed24b92a934f21f07a139c2ad43e5a/byte-buddy-agent-1.6.9.jar:/Users/andrew/.gradle/caches/modules-2/files-2.1/org.powermock/powermock-core/1.6.5/5c7f30af24a260b9a452c194be0cca373db9aaf6/powermock-core-1.6.5.jar:/Users/andrew/.gradle/caches/modules-2/files-2.1/org.powermock/powermock-reflect/1.6.5/3569903763e7741965acc9627ad8253d210feedf/powermock-reflect-1.6.5.jar:/Users/andrew/.gradle/caches/modules-2/files-2.1/org.objenesis/objenesis/2.5/612ecb799912ccf77cba9b3ed8c813da086076e9/objenesis-2.5.jar:/Users/andrew/.gradle/caches/modules-2/files-2.1/org.scala-sbt/test-interface/1.0/a3f14d010c4cb32071f863d97291df31603b521/test-interface-1.0.jar:/Users/andrew/.m2/repository/org/hamcrest/hamcrest-core/1.3/hamcrest-core-1.3.jar:/Users/andrew/.gradle/caches/modules-2/files-2.1/org.apache.commons/commons-math/2.2/4877b85d388275f994a5cfc7eceb73a8045d3006/commons-math-2.2.jar:/Users/andrew/.m2/repository/com/google/guava/guava/16.0.1/guava-16.0.1.jar:/Users/andrew/.gradle/caches/modules-2/files-2.1/org.parboiled/parboiled-java/1.0.2/bf1cbdf55395bb4c97e5ba3bf363897f1f7af643/parboiled-java-1.0.2.jar:/Users/andrew/.gradle/caches/modules-2/files-2.1/org.parboiled/parboiled-core/1.0.2/7f8abb816e828aae4731f1cd78f9b14746d5102f/parboiled-core-1.0.2.jar:/Users/andrew/.gradle/caches/modules-2/files-2.1/com.thoughtworks.paranamer/paranamer/2.8/619eba74c19ccf1da8ebec97a2d7f8ba05773dd6/paranamer-2.8.jar:/Users/andrew/.m2/repository/commons-cli/commons-cli/1.2/commons-cli-1.2.jar:/Users/andrew/.m2/repository/log4j/log4j/1.2.16/log4j-1.2.16.jar:/Users/andrew/.m2/repository/io/netty/netty/3.7.0.Final/netty-3.7.0.Final.jar:/Users/andrew/.gradle/caches/modules-2/files-2.1/net.java.dev.javacc/javacc/5.0/f19b7d4278b837fe92504946e6860b0bcc180956/javacc-5.0.jar:/Users/andrew/.gradle/caches/modules-2/files-2.1/asm/asm-util/3.3.1/d891b52ddd9a06f0fa73c1f53c334145e23b6514/asm-util-3.3.1.jar:/Users/andrew/.gradle/caches/modules-2/files-2.1/asm/asm-analysis/3.3.1/6a42d88a6a2866c511a9246af325234279a50d12/asm-analysis-3.3.1.jar:/Users/andrew/.gradle/caches/modules-2/files-2.1/asm/asm-tree/3.3.1/c9723d887e26c3049944e46312bb39e7ab1a2ed2/asm-tree-3.3.1.jar:/Users/andrew/.m2/repository/asm/asm/3.3.1/asm-3.3.1.jar:/Users/andrew/.gradle/caches/modules-2/files-2.1/org.javassist/javassist/3.20.0-GA/a9cbcdfb7e9f86fbc74d3afae65f2248bfbf82a0/javassist-3.20.0-GA.jar">
</property>
    <property name="java.vm.specification.version" value="1.8"> </property>
    <property name="sun.arch.data.model" value="64"> </property>
    <property 
    name="java.home" value="/Library/Java/JavaVirtualMachines/jdk1.8.0_144.jdk/Contents/Home/jre">
</property>
    <property 
    name="sun.java.command" value="org.scalatest.tools.Runner -oDS -PS1 -R /Users/andrew/workspace/projects/landoop/json-kcql/build/classes/java/test -R /Users/andrew/workspace/projects/landoop/json-kcql/build/classes/scala/test -u /Users/andrew/workspace/projects/landoop/json-kcql/build/test-results/test -h /Users/andrew/workspace/projects/landoop/json-kcql/build/reports/tests/test">
</property>
    <property name="java.specification.vendor" value="Oracle Corporation">
    </property>
    <property name="user.language" value="en"> </property>
    <property name="awt.toolkit" value="sun.lwawt.macosx.LWCToolkit">
    </property>
    <property name="java.vm.info" value="mixed mode"> </property>
    <property name="java.version" value="1.8.0_144"> </property>
    <property 
    name="java.ext.dirs" value="/Users/andrew/Library/Java/Extensions:/Library/Java/JavaVirtualMachines/jdk1.8.0_144.jdk/Contents/Home/jre/lib/ext:/Library/Java/Extensions:/Network/Library/Java/Extensions:/System/Library/Java/Extensions:/usr/lib/java">
</property>
    <property 
    name="sun.boot.class.path" value="/Library/Java/JavaVirtualMachines/jdk1.8.0_144.jdk/Contents/Home/jre/lib/resources.jar:/Library/Java/JavaVirtualMachines/jdk1.8.0_144.jdk/Contents/Home/jre/lib/rt.jar:/Library/Java/JavaVirtualMachines/jdk1.8.0_144.jdk/Contents/Home/jre/lib/sunrsasign.jar:/Library/Java/JavaVirtualMachines/jdk1.8.0_144.jdk/Contents/Home/jre/lib/jsse.jar:/Library/Java/JavaVirtualMachines/jdk1.8.0_144.jdk/Contents/Home/jre/lib/jce.jar:/Library/Java/JavaVirtualMachines/jdk1.8.0_144.jdk/Contents/Home/jre/lib/charsets.jar:/Library/Java/JavaVirtualMachines/jdk1.8.0_144.jdk/Contents/Home/jre/lib/jfr.jar:/Library/Java/JavaVirtualMachines/jdk1.8.0_144.jdk/Contents/Home/jre/classes">
</property>
    <property name="java.vendor" value="Oracle Corporation"> </property>
    <property name="file.separator" value="/"> </property>
    <property 
    name="java.vendor.url.bug" value="http://bugreport.sun.com/bugreport/">
</property>
    <property name="sun.cpu.endian" value="little"> </property>
    <property name="sun.io.unicode.encoding" value="UnicodeBig"> </property>
    <property 
    name="socksNonProxyHosts" value="local|*.local|169.254/16|*.169.254/16">
</property>
    <property 
    name="ftp.nonProxyHosts" value="local|*.local|169.254/16|*.169.254/16">
</property>
    <property name="sun.cpu.isalist" value=""> </property>
    <property 
    name="truststore" value="/Users/andrew/workspace/projects/landoop/json-kcql/src/test/resources/stc_truststore.jks">
</property>
  </properties>
  <testcase 
  name="AvroKcqlExtractor should read json" classname="com.datamountaineer.json.kcql.JsonKcqTest" time="0.001">
</testcase>
  <testcase 
  name="AvroKcqlExtractor should handle null payload" classname="com.datamountaineer.json.kcql.JsonKcqTest" time="0.0">
</testcase>
  <testcase 
  name="AvroKcqlExtractor should handle 'SELECT name,vegan, calories  FROM topic' for a record" classname="com.datamountaineer.json.kcql.JsonKcqTest" time="0.006">
</testcase>
  <testcase 
  name="AvroKcqlExtractor should handle 'SELECT name as fieldName,vegan as V, calories as C FROM topic' for a record" classname="com.datamountaineer.json.kcql.JsonKcqTest" time="0.006">
</testcase>
  <testcase 
  name="AvroKcqlExtractor should handle 'SELECT calories as C ,vegan as V ,name as fieldName FROM topic' for a record" classname="com.datamountaineer.json.kcql.JsonKcqTest" time="0.004">
</testcase>
  <testcase 
  name="AvroKcqlExtractor should throw an exception when selecting arrays ' for a record" classname="com.datamountaineer.json.kcql.JsonKcqTest" time="0.003">
</testcase>
  <testcase 
  name="AvroKcqlExtractor should handle 'SELECT name, address.street.name FROM topic' from record" classname="com.datamountaineer.json.kcql.JsonKcqTest" time="0.021">
</testcase>
  <testcase 
  name="AvroKcqlExtractor should handle 'SELECT name, address.street.name as streetName FROM topic' from record" classname="com.datamountaineer.json.kcql.JsonKcqTest" time="0.004">
</testcase>
  <testcase 
  name="AvroKcqlExtractor should handle 'SELECT name, address.street.name as streetName, address.street2.name as streetName2 FROM topic' from record" classname="com.datamountaineer.json.kcql.JsonKcqTest" time="0.004">
</testcase>
  <testcase 
  name="AvroKcqlExtractor should handle 'SELECT name, address.street.*, address.street2.name as streetName2 FROM topic' from record" classname="com.datamountaineer.json.kcql.JsonKcqTest" time="0.004">
</testcase>
  <testcase 
  name="AvroKcqlExtractor should handle 'SELECT name, address.street.*, address.street2.* FROM topic' from record" classname="com.datamountaineer.json.kcql.JsonKcqTest" time="0.005">
</testcase>
  <testcase 
  name="AvroKcqlExtractor should handle 'SELECT address.state, address.city,name, address.street.name FROM topic' from record" classname="com.datamountaineer.json.kcql.JsonKcqTest" time="0.004">
</testcase>
  <testcase 
  name="AvroKcqlExtractor should handle 'SELECT address.state as S, address.city as C,name, address.street.name FROM topic' from record" classname="com.datamountaineer.json.kcql.JsonKcqTest" time="0.004">
</testcase>
  <testcase 
  name="AvroKcqlExtractor should not throw an exception if the field doesn't exist in the schema" classname="com.datamountaineer.json.kcql.JsonKcqTest" time="0.003">
</testcase>
  <testcase 
  name="AvroKcqlExtractor should handle 'SELECT * FROM simpleAddress' from record" classname="com.datamountaineer.json.kcql.JsonKcqTest" time="0.004">
</testcase>
  <testcase 
  name="AvroKcqlExtractor should handle 'SELECT street as S, city, state, zip as Z, country as C  FROM simpleAddress' from record" classname="com.datamountaineer.json.kcql.JsonKcqTest" time="0.004">
</testcase>
  <testcase 
  name="AvroKcqlExtractor should handle 'SELECT  zip as Z, * FROM simpleAddress' from record" classname="com.datamountaineer.json.kcql.JsonKcqTest" time="0.004">
</testcase>
  <testcase 
  name="AvroKcqlExtractor should handle 'SELECT  zip as Z, *, state as S FROM simpleAddress' from record" classname="com.datamountaineer.json.kcql.JsonKcqTest" time="0.003">
</testcase>
  <system-out><![CDATA[]]></system-out>
  <system-err><![CDATA[]]></system-err>
</testsuite>
